  MyForm.cpp
c:\users\hyperpc\desktop\courseprojectforms\courseprojectgraphics\courseprojectgraphics\tgaimage.h(58): warning C4244: =: преобразование "float" в "unsigned char", возможна потеря данных
c:\users\hyperpc\desktop\courseprojectforms\courseprojectgraphics\courseprojectgraphics\myform.h(50): warning C4305: =: усечение из "double" в "float"
c:\users\hyperpc\desktop\courseprojectforms\courseprojectgraphics\courseprojectgraphics\myform.h(73): warning C4305: =: усечение из "double" в "float"
c:\users\hyperpc\desktop\courseprojectforms\courseprojectgraphics\courseprojectgraphics\myform.h(399): warning C4244: =: преобразование "double" в "T", возможна потеря данных
          with
          [
              T=float
          ]
c:\users\hyperpc\desktop\courseprojectforms\courseprojectgraphics\courseprojectgraphics\myform.h(402): warning C4244: =: преобразование "double" в "T", возможна потеря данных
          with
          [
              T=float
          ]
c:\users\hyperpc\desktop\courseprojectforms\courseprojectgraphics\courseprojectgraphics\myform.h(405): warning C4244: =: преобразование "double" в "T", возможна потеря данных
          with
          [
              T=float
          ]
c:\users\hyperpc\desktop\courseprojectforms\courseprojectgraphics\courseprojectgraphics\myform.h(410): warning C4244: =: преобразование "double" в "T", возможна потеря данных
          with
          [
              T=float
          ]
c:\users\hyperpc\desktop\courseprojectforms\courseprojectgraphics\courseprojectgraphics\myform.h(413): warning C4244: =: преобразование "double" в "T", возможна потеря данных
          with
          [
              T=float
          ]
c:\users\hyperpc\desktop\courseprojectforms\courseprojectgraphics\courseprojectgraphics\myform.h(416): warning C4244: =: преобразование "double" в "T", возможна потеря данных
          with
          [
              T=float
          ]
c:\users\hyperpc\desktop\courseprojectforms\courseprojectgraphics\courseprojectgraphics\myform.h(428): warning C4244: аргумент: преобразование "double" в "int", возможна потеря данных
c:\users\hyperpc\desktop\courseprojectforms\courseprojectgraphics\courseprojectgraphics\myform.h(440): warning C4244: аргумент: преобразование "double" в "int", возможна потеря данных
c:\users\hyperpc\desktop\courseprojectforms\courseprojectgraphics\courseprojectgraphics\myform.h(452): warning C4244: аргумент: преобразование "double" в "int", возможна потеря данных
c:\users\hyperpc\desktop\courseprojectforms\courseprojectgraphics\courseprojectgraphics\myform.h(464): warning C4244: аргумент: преобразование "double" в "int", возможна потеря данных
  geometry.obj : обнаружен модуль MSIL; для MSIL последовательная компоновка отключена; выполняется полная компоновка
  CourseProjectGraphics.vcxproj -> C:\Users\HYPERPC\Desktop\CourseProjectForms\CourseProjectGraphics\Debug\CourseProjectGraphics.exe
